-------------------------------------------------------------------------------
Test set: testcases.Testcase1
-------------------------------------------------------------------------------
Tests run: 1, Failures: 1, Errors: 0, Skipped: 0, Time elapsed: 6.061 s <<< FAILURE! - in testcases.Testcase1
Register(testcases.Testcase1)  Time elapsed: 5.861 s  <<< FAILURE!
org.testng.TestNGException: 

Data Provider public void testcases.Testcase1.beforeMethod() throws java.net.MalformedURLException returned a null value

